{
  "RSpec": {
    "coverage": {
      "/home/sheepish-rockstar-2116/tic-tac-toe-rb-ruby-apply-000/lib/tic_tac_toe.rb": [
        null,
        1,
        null,
        null,
        null,
        null,
        null,
        null,
        null,
        null,
        null,
        1,
        11,
        60,
        4,
        null,
        null,
        7,
        null,
        null,
        1,
        19,
        null,
        null,
        1,
        5,
        null,
        null,
        1,
        8,
        null,
        null,
        1,
        7,
        7,
        null,
        null,
        1,
        11,
        11,
        99,
        6,
        null,
        null,
        11,
        null,
        null,
        1,
        11,
        null,
        null,
        1,
        11,
        11,
        11,
        11,
        11,
        null,
        null,
        1,
        11,
        null,
        null,
        1,
        11,
        null,
        null,
        1,
        11,
        null,
        null,
        1,
        11,
        null,
        null,
        1,
        11,
        11,
        11,
        11,
        11,
        11,
        null,
        0,
        null,
        null,
        null,
        1,
        19,
        8,
        null,
        11,
        11,
        null,
        null
      ]
    },
    "timestamp": 1600194182
  }
}
